{"C:\\Users\\Diego Batista\\Documents\\www\\Ignite curso\\React-native\\iweather\\src\\assets\\background.png": {"path":"C:\\Users\\Diego Batista\\Documents\\www\\Ignite curso\\React-native\\iweather\\src\\assets\\background.png","statementMap":{"0":{"start":{"line":1,"column":0},"end":{"line":1,"column":19}}},"fnMap":{},"branchMap":{},"s":{"0":1},"f":{},"b":{},"_coverageSchema":"1a1c01bbd47fc00a2c39e90264f33305004495a9","hash":"ef4688bf89507e084b92cf668cc2584bedc63f8e"}
,"C:\\Users\\Diego Batista\\Documents\\www\\Ignite curso\\React-native\\iweather\\src\\assets\\bg_clear_day.png": {"path":"C:\\Users\\Diego Batista\\Documents\\www\\Ignite curso\\React-native\\iweather\\src\\assets\\bg_clear_day.png","statementMap":{"0":{"start":{"line":1,"column":0},"end":{"line":1,"column":19}}},"fnMap":{},"branchMap":{},"s":{"0":2},"f":{},"b":{},"_coverageSchema":"1a1c01bbd47fc00a2c39e90264f33305004495a9","hash":"0361c0ccbd7eaf3de2484e29f328068f245536ce"}
,"C:\\Users\\Diego Batista\\Documents\\www\\Ignite curso\\React-native\\iweather\\src\\assets\\bg_clear_night.png": {"path":"C:\\Users\\Diego Batista\\Documents\\www\\Ignite curso\\React-native\\iweather\\src\\assets\\bg_clear_night.png","statementMap":{"0":{"start":{"line":1,"column":0},"end":{"line":1,"column":19}}},"fnMap":{},"branchMap":{},"s":{"0":2},"f":{},"b":{},"_coverageSchema":"1a1c01bbd47fc00a2c39e90264f33305004495a9","hash":"fa4d5d85ada24eca8180d4fde032403ea430b9b3"}
,"C:\\Users\\Diego Batista\\Documents\\www\\Ignite curso\\React-native\\iweather\\src\\assets\\bg_cloudy_day.png": {"path":"C:\\Users\\Diego Batista\\Documents\\www\\Ignite curso\\React-native\\iweather\\src\\assets\\bg_cloudy_day.png","statementMap":{"0":{"start":{"line":1,"column":0},"end":{"line":1,"column":19}}},"fnMap":{},"branchMap":{},"s":{"0":2},"f":{},"b":{},"_coverageSchema":"1a1c01bbd47fc00a2c39e90264f33305004495a9","hash":"d4d8cfe8cf4d120d6e34e70afc754f8907c3d5a0"}
,"C:\\Users\\Diego Batista\\Documents\\www\\Ignite curso\\React-native\\iweather\\src\\assets\\bg_cloudy_night.png": {"path":"C:\\Users\\Diego Batista\\Documents\\www\\Ignite curso\\React-native\\iweather\\src\\assets\\bg_cloudy_night.png","statementMap":{"0":{"start":{"line":1,"column":0},"end":{"line":1,"column":19}}},"fnMap":{},"branchMap":{},"s":{"0":2},"f":{},"b":{},"_coverageSchema":"1a1c01bbd47fc00a2c39e90264f33305004495a9","hash":"867c67b7ebed0e999ec87b988c214ff95a5fb7bd"}
,"C:\\Users\\Diego Batista\\Documents\\www\\Ignite curso\\React-native\\iweather\\src\\assets\\bg_rain_day.png": {"path":"C:\\Users\\Diego Batista\\Documents\\www\\Ignite curso\\React-native\\iweather\\src\\assets\\bg_rain_day.png","statementMap":{"0":{"start":{"line":1,"column":0},"end":{"line":1,"column":19}}},"fnMap":{},"branchMap":{},"s":{"0":2},"f":{},"b":{},"_coverageSchema":"1a1c01bbd47fc00a2c39e90264f33305004495a9","hash":"79633ef2b882165f2f9142b2ddbef06335f2e136"}
,"C:\\Users\\Diego Batista\\Documents\\www\\Ignite curso\\React-native\\iweather\\src\\assets\\bg_rain_night.png": {"path":"C:\\Users\\Diego Batista\\Documents\\www\\Ignite curso\\React-native\\iweather\\src\\assets\\bg_rain_night.png","statementMap":{"0":{"start":{"line":1,"column":0},"end":{"line":1,"column":19}}},"fnMap":{},"branchMap":{},"s":{"0":2},"f":{},"b":{},"_coverageSchema":"1a1c01bbd47fc00a2c39e90264f33305004495a9","hash":"141a3a0b903dc67831adcdbf5dab3837e61bd69e"}
,"C:\\Users\\Diego Batista\\Documents\\www\\Ignite curso\\React-native\\iweather\\src\\assets\\bg_snow_day.png": {"path":"C:\\Users\\Diego Batista\\Documents\\www\\Ignite curso\\React-native\\iweather\\src\\assets\\bg_snow_day.png","statementMap":{"0":{"start":{"line":1,"column":0},"end":{"line":1,"column":19}}},"fnMap":{},"branchMap":{},"s":{"0":2},"f":{},"b":{},"_coverageSchema":"1a1c01bbd47fc00a2c39e90264f33305004495a9","hash":"1eb2926e7b0a158b6bbb9b5af9083c1c1f6fc81f"}
,"C:\\Users\\Diego Batista\\Documents\\www\\Ignite curso\\React-native\\iweather\\src\\assets\\bg_snow_night.png": {"path":"C:\\Users\\Diego Batista\\Documents\\www\\Ignite curso\\React-native\\iweather\\src\\assets\\bg_snow_night.png","statementMap":{"0":{"start":{"line":1,"column":0},"end":{"line":1,"column":19}}},"fnMap":{},"branchMap":{},"s":{"0":2},"f":{},"b":{},"_coverageSchema":"1a1c01bbd47fc00a2c39e90264f33305004495a9","hash":"084c55222a29ceb1db0c1e161bb025df39f3b849"}
,"C:\\Users\\Diego Batista\\Documents\\www\\Ignite curso\\React-native\\iweather\\src\\assets\\clear_day.svg": {"path":"C:\\Users\\Diego Batista\\Documents\\www\\Ignite curso\\React-native\\iweather\\src\\assets\\clear_day.svg","statementMap":{"0":{"start":{"line":2,"column":14},"end":{"line":2,"column":30}},"1":{"start":{"line":4,"column":2},"end":{"line":7,"column":4}},"2":{"start":{"line":9,"column":0},"end":{"line":9,"column":30}}},"fnMap":{"0":{"name":"SvgClear_day","decl":{"start":{"line":3,"column":9},"end":{"line":3,"column":21}},"loc":{"start":{"line":3,"column":29},"end":{"line":8,"column":1}},"line":3}},"branchMap":{},"s":{"0":4,"1":6,"2":4},"f":{"0":6},"b":{},"_coverageSchema":"1a1c01bbd47fc00a2c39e90264f33305004495a9","hash":"2886d0ea707057401a2dadfde99f0d78e22ef950"}
,"C:\\Users\\Diego Batista\\Documents\\www\\Ignite curso\\React-native\\iweather\\src\\assets\\clear_night.svg": {"path":"C:\\Users\\Diego Batista\\Documents\\www\\Ignite curso\\React-native\\iweather\\src\\assets\\clear_night.svg","statementMap":{"0":{"start":{"line":2,"column":14},"end":{"line":2,"column":30}},"1":{"start":{"line":4,"column":2},"end":{"line":7,"column":4}},"2":{"start":{"line":9,"column":0},"end":{"line":9,"column":32}}},"fnMap":{"0":{"name":"SvgClear_night","decl":{"start":{"line":3,"column":9},"end":{"line":3,"column":23}},"loc":{"start":{"line":3,"column":31},"end":{"line":8,"column":1}},"line":3}},"branchMap":{},"s":{"0":2,"1":0,"2":2},"f":{"0":0},"b":{},"_coverageSchema":"1a1c01bbd47fc00a2c39e90264f33305004495a9","hash":"dd9b7cd8e3c87a3f03f2c6f60aab53ff30e1146f"}
,"C:\\Users\\Diego Batista\\Documents\\www\\Ignite curso\\React-native\\iweather\\src\\assets\\cloudy_day.svg": {"path":"C:\\Users\\Diego Batista\\Documents\\www\\Ignite curso\\React-native\\iweather\\src\\assets\\cloudy_day.svg","statementMap":{"0":{"start":{"line":2,"column":14},"end":{"line":2,"column":30}},"1":{"start":{"line":4,"column":2},"end":{"line":7,"column":4}},"2":{"start":{"line":9,"column":0},"end":{"line":9,"column":31}}},"fnMap":{"0":{"name":"SvgCloudy_day","decl":{"start":{"line":3,"column":9},"end":{"line":3,"column":22}},"loc":{"start":{"line":3,"column":30},"end":{"line":8,"column":1}},"line":3}},"branchMap":{},"s":{"0":2,"1":0,"2":2},"f":{"0":0},"b":{},"_coverageSchema":"1a1c01bbd47fc00a2c39e90264f33305004495a9","hash":"cfdf99bad4b122a60b0a47fa12b4ecc5011fe7d2"}
,"C:\\Users\\Diego Batista\\Documents\\www\\Ignite curso\\React-native\\iweather\\src\\assets\\cloudy_night.svg": {"path":"C:\\Users\\Diego Batista\\Documents\\www\\Ignite curso\\React-native\\iweather\\src\\assets\\cloudy_night.svg","statementMap":{"0":{"start":{"line":2,"column":14},"end":{"line":2,"column":30}},"1":{"start":{"line":4,"column":2},"end":{"line":7,"column":4}},"2":{"start":{"line":9,"column":0},"end":{"line":9,"column":33}}},"fnMap":{"0":{"name":"SvgCloudy_night","decl":{"start":{"line":3,"column":9},"end":{"line":3,"column":24}},"loc":{"start":{"line":3,"column":32},"end":{"line":8,"column":1}},"line":3}},"branchMap":{},"s":{"0":2,"1":0,"2":2},"f":{"0":0},"b":{},"_coverageSchema":"1a1c01bbd47fc00a2c39e90264f33305004495a9","hash":"2f741ba65aa28e50ab912ba4f1d2fe557686e1fb"}
,"C:\\Users\\Diego Batista\\Documents\\www\\Ignite curso\\React-native\\iweather\\src\\assets\\drop.svg": {"path":"C:\\Users\\Diego Batista\\Documents\\www\\Ignite curso\\React-native\\iweather\\src\\assets\\drop.svg","statementMap":{"0":{"start":{"line":2,"column":14},"end":{"line":2,"column":30}},"1":{"start":{"line":4,"column":2},"end":{"line":7,"column":4}},"2":{"start":{"line":9,"column":0},"end":{"line":9,"column":25}}},"fnMap":{"0":{"name":"SvgDrop","decl":{"start":{"line":3,"column":9},"end":{"line":3,"column":16}},"loc":{"start":{"line":3,"column":24},"end":{"line":8,"column":1}},"line":3}},"branchMap":{},"s":{"0":2,"1":1,"2":2},"f":{"0":1},"b":{},"_coverageSchema":"1a1c01bbd47fc00a2c39e90264f33305004495a9","hash":"49ea4d077081e9433623e2b9010f2adc9209a695"}
,"C:\\Users\\Diego Batista\\Documents\\www\\Ignite curso\\React-native\\iweather\\src\\assets\\logo.svg": {"path":"C:\\Users\\Diego Batista\\Documents\\www\\Ignite curso\\React-native\\iweather\\src\\assets\\logo.svg","statementMap":{"0":{"start":{"line":2,"column":14},"end":{"line":2,"column":30}},"1":{"start":{"line":4,"column":2},"end":{"line":7,"column":4}},"2":{"start":{"line":9,"column":0},"end":{"line":9,"column":25}}},"fnMap":{"0":{"name":"SvgLogo","decl":{"start":{"line":3,"column":9},"end":{"line":3,"column":16}},"loc":{"start":{"line":3,"column":24},"end":{"line":8,"column":1}},"line":3}},"branchMap":{},"s":{"0":1,"1":0,"2":1},"f":{"0":0},"b":{},"_coverageSchema":"1a1c01bbd47fc00a2c39e90264f33305004495a9","hash":"d98681b80a4eefe12738315d28b6875f9bace4a3"}
,"C:\\Users\\Diego Batista\\Documents\\www\\Ignite curso\\React-native\\iweather\\src\\assets\\rain.svg": {"path":"C:\\Users\\Diego Batista\\Documents\\www\\Ignite curso\\React-native\\iweather\\src\\assets\\rain.svg","statementMap":{"0":{"start":{"line":2,"column":14},"end":{"line":2,"column":30}},"1":{"start":{"line":4,"column":2},"end":{"line":7,"column":4}},"2":{"start":{"line":9,"column":0},"end":{"line":9,"column":25}}},"fnMap":{"0":{"name":"SvgRain","decl":{"start":{"line":3,"column":9},"end":{"line":3,"column":16}},"loc":{"start":{"line":3,"column":24},"end":{"line":8,"column":1}},"line":3}},"branchMap":{},"s":{"0":1,"1":0,"2":1},"f":{"0":0},"b":{},"_coverageSchema":"1a1c01bbd47fc00a2c39e90264f33305004495a9","hash":"a7435b99f804ff8dac453c1ea6411fdcb5ed089b"}
,"C:\\Users\\Diego Batista\\Documents\\www\\Ignite curso\\React-native\\iweather\\src\\assets\\rain_moment_day.svg": {"path":"C:\\Users\\Diego Batista\\Documents\\www\\Ignite curso\\React-native\\iweather\\src\\assets\\rain_moment_day.svg","statementMap":{"0":{"start":{"line":2,"column":14},"end":{"line":2,"column":30}},"1":{"start":{"line":4,"column":2},"end":{"line":7,"column":4}},"2":{"start":{"line":9,"column":0},"end":{"line":9,"column":36}}},"fnMap":{"0":{"name":"SvgRain_moment_day","decl":{"start":{"line":3,"column":9},"end":{"line":3,"column":27}},"loc":{"start":{"line":3,"column":35},"end":{"line":8,"column":1}},"line":3}},"branchMap":{},"s":{"0":2,"1":0,"2":2},"f":{"0":0},"b":{},"_coverageSchema":"1a1c01bbd47fc00a2c39e90264f33305004495a9","hash":"931c4dbc21fc406cdf675310d99cefe559f207c0"}
,"C:\\Users\\Diego Batista\\Documents\\www\\Ignite curso\\React-native\\iweather\\src\\assets\\snow_day.svg": {"path":"C:\\Users\\Diego Batista\\Documents\\www\\Ignite curso\\React-native\\iweather\\src\\assets\\snow_day.svg","statementMap":{"0":{"start":{"line":2,"column":14},"end":{"line":2,"column":30}},"1":{"start":{"line":4,"column":2},"end":{"line":7,"column":4}},"2":{"start":{"line":9,"column":0},"end":{"line":9,"column":29}}},"fnMap":{"0":{"name":"SvgSnow_day","decl":{"start":{"line":3,"column":9},"end":{"line":3,"column":20}},"loc":{"start":{"line":3,"column":28},"end":{"line":8,"column":1}},"line":3}},"branchMap":{},"s":{"0":2,"1":0,"2":2},"f":{"0":0},"b":{},"_coverageSchema":"1a1c01bbd47fc00a2c39e90264f33305004495a9","hash":"6115000bda93d6f9f35b6c0dc228f4ec3839eb56"}
,"C:\\Users\\Diego Batista\\Documents\\www\\Ignite curso\\React-native\\iweather\\src\\assets\\snow_night.svg": {"path":"C:\\Users\\Diego Batista\\Documents\\www\\Ignite curso\\React-native\\iweather\\src\\assets\\snow_night.svg","statementMap":{"0":{"start":{"line":2,"column":14},"end":{"line":2,"column":30}},"1":{"start":{"line":4,"column":2},"end":{"line":7,"column":4}},"2":{"start":{"line":9,"column":0},"end":{"line":9,"column":31}}},"fnMap":{"0":{"name":"SvgSnow_night","decl":{"start":{"line":3,"column":9},"end":{"line":3,"column":22}},"loc":{"start":{"line":3,"column":30},"end":{"line":8,"column":1}},"line":3}},"branchMap":{},"s":{"0":2,"1":0,"2":2},"f":{"0":0},"b":{},"_coverageSchema":"1a1c01bbd47fc00a2c39e90264f33305004495a9","hash":"95f8fef729cd8ba2b852e7885353a62fca90f354"}
,"C:\\Users\\Diego Batista\\Documents\\www\\Ignite curso\\React-native\\iweather\\src\\assets\\sun.svg": {"path":"C:\\Users\\Diego Batista\\Documents\\www\\Ignite curso\\React-native\\iweather\\src\\assets\\sun.svg","statementMap":{"0":{"start":{"line":2,"column":14},"end":{"line":2,"column":30}},"1":{"start":{"line":4,"column":2},"end":{"line":7,"column":4}},"2":{"start":{"line":9,"column":0},"end":{"line":9,"column":24}}},"fnMap":{"0":{"name":"SvgSun","decl":{"start":{"line":3,"column":9},"end":{"line":3,"column":15}},"loc":{"start":{"line":3,"column":23},"end":{"line":8,"column":1}},"line":3}},"branchMap":{},"s":{"0":1,"1":0,"2":1},"f":{"0":0},"b":{},"_coverageSchema":"1a1c01bbd47fc00a2c39e90264f33305004495a9","hash":"a3e6e6e2a96225ef36eecd73eb4ce002be0a3e60"}
,"C:\\Users\\Diego Batista\\Documents\\www\\Ignite curso\\React-native\\iweather\\src\\assets\\thermometer.svg": {"path":"C:\\Users\\Diego Batista\\Documents\\www\\Ignite curso\\React-native\\iweather\\src\\assets\\thermometer.svg","statementMap":{"0":{"start":{"line":2,"column":14},"end":{"line":2,"column":30}},"1":{"start":{"line":4,"column":2},"end":{"line":7,"column":4}},"2":{"start":{"line":9,"column":0},"end":{"line":9,"column":32}}},"fnMap":{"0":{"name":"SvgThermometer","decl":{"start":{"line":3,"column":9},"end":{"line":3,"column":23}},"loc":{"start":{"line":3,"column":31},"end":{"line":8,"column":1}},"line":3}},"branchMap":{},"s":{"0":1,"1":0,"2":1},"f":{"0":0},"b":{},"_coverageSchema":"1a1c01bbd47fc00a2c39e90264f33305004495a9","hash":"196598e641d264808bcc18391aab840be2528858"}
,"C:\\Users\\Diego Batista\\Documents\\www\\Ignite curso\\React-native\\iweather\\src\\assets\\wind.svg": {"path":"C:\\Users\\Diego Batista\\Documents\\www\\Ignite curso\\React-native\\iweather\\src\\assets\\wind.svg","statementMap":{"0":{"start":{"line":2,"column":14},"end":{"line":2,"column":30}},"1":{"start":{"line":4,"column":2},"end":{"line":7,"column":4}},"2":{"start":{"line":9,"column":0},"end":{"line":9,"column":25}}},"fnMap":{"0":{"name":"SvgWind","decl":{"start":{"line":3,"column":9},"end":{"line":3,"column":16}},"loc":{"start":{"line":3,"column":24},"end":{"line":8,"column":1}},"line":3}},"branchMap":{},"s":{"0":1,"1":0,"2":1},"f":{"0":0},"b":{},"_coverageSchema":"1a1c01bbd47fc00a2c39e90264f33305004495a9","hash":"16fae8b43f79d81d9bf42199a251b86bde6f111c"}
,"C:\\Users\\Diego Batista\\Documents\\www\\Ignite curso\\React-native\\iweather\\src\\components\\Day\\index.tsx": {"path":"C:\\Users\\Diego Batista\\Documents\\www\\Ignite curso\\React-native\\iweather\\src\\components\\Day\\index.tsx","statementMap":{"0":{"start":{"line":19,"column":25},"end":{"line":19,"column":29}},"1":{"start":{"line":21,"column":2},"end":{"line":37,"column":4}}},"fnMap":{"0":{"name":"Day","decl":{"start":{"line":18,"column":16},"end":{"line":18,"column":19}},"loc":{"start":{"line":18,"column":37},"end":{"line":38,"column":1}},"line":18}},"branchMap":{},"s":{"0":6,"1":6},"f":{"0":6},"b":{},"_coverageSchema":"1a1c01bbd47fc00a2c39e90264f33305004495a9","hash":"6499fcc07085080746b605a9c25d16e8d775f439"}
,"C:\\Users\\Diego Batista\\Documents\\www\\Ignite curso\\React-native\\iweather\\src\\components\\Day\\styles.ts": {"path":"C:\\Users\\Diego Batista\\Documents\\www\\Ignite curso\\React-native\\iweather\\src\\components\\Day\\styles.ts","statementMap":{"0":{"start":{"line":4,"column":22},"end":{"line":28,"column":2}}},"fnMap":{},"branchMap":{},"s":{"0":3},"f":{},"b":{},"_coverageSchema":"1a1c01bbd47fc00a2c39e90264f33305004495a9","hash":"b337c49d43bf5fb60d151e73dbbf8b5b3546b4a2"}
,"C:\\Users\\Diego Batista\\Documents\\www\\Ignite curso\\React-native\\iweather\\src\\components\\Input\\index.tsx": {"path":"C:\\Users\\Diego Batista\\Documents\\www\\Ignite curso\\React-native\\iweather\\src\\components\\Input\\index.tsx","statementMap":{"0":{"start":{"line":11,"column":2},"end":{"line":28,"column":4}}},"fnMap":{"0":{"name":"Input","decl":{"start":{"line":10,"column":16},"end":{"line":10,"column":21}},"loc":{"start":{"line":10,"column":61},"end":{"line":29,"column":1}},"line":10}},"branchMap":{"0":{"loc":{"start":{"line":10,"column":24},"end":{"line":10,"column":41}},"type":"default-arg","locations":[{"start":{"line":10,"column":36},"end":{"line":10,"column":41}}],"line":10},"1":{"loc":{"start":{"line":20,"column":8},"end":{"line":25,"column":9}},"type":"binary-expr","locations":[{"start":{"line":20,"column":8},"end":{"line":20,"column":17}},{"start":{"line":21,"column":10},"end":{"line":24,"column":12}}],"line":20}},"s":{"0":4},"f":{"0":4},"b":{"0":[3],"1":[4,1]},"_coverageSchema":"1a1c01bbd47fc00a2c39e90264f33305004495a9","hash":"079632ccffd69e2a58cde86234c7d4fb2c79f936"}
,"C:\\Users\\Diego Batista\\Documents\\www\\Ignite curso\\React-native\\iweather\\src\\components\\Input\\styles.ts": {"path":"C:\\Users\\Diego Batista\\Documents\\www\\Ignite curso\\React-native\\iweather\\src\\components\\Input\\styles.ts","statementMap":{"0":{"start":{"line":4,"column":22},"end":{"line":19,"column":2}}},"fnMap":{},"branchMap":{},"s":{"0":3},"f":{},"b":{},"_coverageSchema":"1a1c01bbd47fc00a2c39e90264f33305004495a9","hash":"09e02f4ddc87b4b043c0441948f914359cd41da6"}
,"C:\\Users\\Diego Batista\\Documents\\www\\Ignite curso\\React-native\\iweather\\src\\components\\Loading\\index.tsx": {"path":"C:\\Users\\Diego Batista\\Documents\\www\\Ignite curso\\React-native\\iweather\\src\\components\\Loading\\index.tsx","statementMap":{"0":{"start":{"line":7,"column":2},"end":{"line":11,"column":4}}},"fnMap":{"0":{"name":"Loading","decl":{"start":{"line":6,"column":16},"end":{"line":6,"column":23}},"loc":{"start":{"line":6,"column":26},"end":{"line":12,"column":1}},"line":6}},"branchMap":{},"s":{"0":0},"f":{"0":0},"b":{},"_coverageSchema":"1a1c01bbd47fc00a2c39e90264f33305004495a9","hash":"55e4427b2162ce4abb7456204365a407d3731103"}
,"C:\\Users\\Diego Batista\\Documents\\www\\Ignite curso\\React-native\\iweather\\src\\components\\Loading\\styles.ts": {"path":"C:\\Users\\Diego Batista\\Documents\\www\\Ignite curso\\React-native\\iweather\\src\\components\\Loading\\styles.ts","statementMap":{"0":{"start":{"line":4,"column":22},"end":{"line":11,"column":2}}},"fnMap":{},"branchMap":{},"s":{"0":1},"f":{},"b":{},"_coverageSchema":"1a1c01bbd47fc00a2c39e90264f33305004495a9","hash":"460a2d4a556827157794a5c2970e58a6133a1807"}
,"C:\\Users\\Diego Batista\\Documents\\www\\Ignite curso\\React-native\\iweather\\src\\components\\NextDays\\index.tsx": {"path":"C:\\Users\\Diego Batista\\Documents\\www\\Ignite curso\\React-native\\iweather\\src\\components\\NextDays\\index.tsx","statementMap":{"0":{"start":{"line":12,"column":2},"end":{"line":20,"column":4}},"1":{"start":{"line":16,"column":10},"end":{"line":16,"column":42}}},"fnMap":{"0":{"name":"NextDays","decl":{"start":{"line":11,"column":16},"end":{"line":11,"column":24}},"loc":{"start":{"line":11,"column":42},"end":{"line":21,"column":1}},"line":11},"1":{"name":"(anonymous_1)","decl":{"start":{"line":15,"column":17},"end":{"line":15,"column":18}},"loc":{"start":{"line":16,"column":10},"end":{"line":16,"column":42}},"line":16}},"branchMap":{},"s":{"0":1,"1":5},"f":{"0":1,"1":5},"b":{},"_coverageSchema":"1a1c01bbd47fc00a2c39e90264f33305004495a9","hash":"676a64865dd633075c311284bc753bbd2a5e2025"}
,"C:\\Users\\Diego Batista\\Documents\\www\\Ignite curso\\React-native\\iweather\\src\\components\\NextDays\\styles.ts": {"path":"C:\\Users\\Diego Batista\\Documents\\www\\Ignite curso\\React-native\\iweather\\src\\components\\NextDays\\styles.ts","statementMap":{"0":{"start":{"line":4,"column":22},"end":{"line":14,"column":2}}},"fnMap":{},"branchMap":{},"s":{"0":2},"f":{},"b":{},"_coverageSchema":"1a1c01bbd47fc00a2c39e90264f33305004495a9","hash":"37275aff00236a29c6fd182e22bf322f6b15bcbb"}
,"C:\\Users\\Diego Batista\\Documents\\www\\Ignite curso\\React-native\\iweather\\src\\components\\SelectList\\index.tsx": {"path":"C:\\Users\\Diego Batista\\Documents\\www\\Ignite curso\\React-native\\iweather\\src\\components\\SelectList\\index.tsx","statementMap":{"0":{"start":{"line":17,"column":2},"end":{"line":42,"column":4}},"1":{"start":{"line":29,"column":12},"end":{"line":37,"column":31}},"2":{"start":{"line":32,"column":29},"end":{"line":32,"column":48}}},"fnMap":{"0":{"name":"SelectList","decl":{"start":{"line":16,"column":16},"end":{"line":16,"column":26}},"loc":{"start":{"line":16,"column":41},"end":{"line":43,"column":1}},"line":16},"1":{"name":"(anonymous_1)","decl":{"start":{"line":28,"column":25},"end":{"line":28,"column":26}},"loc":{"start":{"line":29,"column":12},"end":{"line":37,"column":31}},"line":29},"2":{"name":"(anonymous_2)","decl":{"start":{"line":32,"column":23},"end":{"line":32,"column":24}},"loc":{"start":{"line":32,"column":29},"end":{"line":32,"column":48}},"line":32}},"branchMap":{},"s":{"0":3,"1":2,"2":1},"f":{"0":3,"1":2,"2":1},"b":{},"_coverageSchema":"1a1c01bbd47fc00a2c39e90264f33305004495a9","hash":"fc69db2118b12b90ef4fdce91b47157cba12719d"}
,"C:\\Users\\Diego Batista\\Documents\\www\\Ignite curso\\React-native\\iweather\\src\\components\\SelectList\\styles.ts": {"path":"C:\\Users\\Diego Batista\\Documents\\www\\Ignite curso\\React-native\\iweather\\src\\components\\SelectList\\styles.ts","statementMap":{"0":{"start":{"line":4,"column":22},"end":{"line":28,"column":2}}},"fnMap":{},"branchMap":{},"s":{"0":2},"f":{},"b":{},"_coverageSchema":"1a1c01bbd47fc00a2c39e90264f33305004495a9","hash":"644643b5f206873ffe59a473101144f0a1636eab"}
,"C:\\Users\\Diego Batista\\Documents\\www\\Ignite curso\\React-native\\iweather\\src\\components\\WeatherDetails\\index.tsx": {"path":"C:\\Users\\Diego Batista\\Documents\\www\\Ignite curso\\React-native\\iweather\\src\\components\\WeatherDetails\\index.tsx","statementMap":{"0":{"start":{"line":26,"column":2},"end":{"line":59,"column":4}}},"fnMap":{"0":{"name":"WeatherDetails","decl":{"start":{"line":25,"column":16},"end":{"line":25,"column":30}},"loc":{"start":{"line":25,"column":48},"end":{"line":60,"column":1}},"line":25}},"branchMap":{},"s":{"0":0},"f":{"0":0},"b":{},"_coverageSchema":"1a1c01bbd47fc00a2c39e90264f33305004495a9","hash":"92c06201e41e282b6e3cf46de03885e35e1db9df"}
,"C:\\Users\\Diego Batista\\Documents\\www\\Ignite curso\\React-native\\iweather\\src\\components\\WeatherDetails\\styles.ts": {"path":"C:\\Users\\Diego Batista\\Documents\\www\\Ignite curso\\React-native\\iweather\\src\\components\\WeatherDetails\\styles.ts","statementMap":{"0":{"start":{"line":4,"column":22},"end":{"line":11,"column":2}}},"fnMap":{},"branchMap":{},"s":{"0":1},"f":{},"b":{},"_coverageSchema":"1a1c01bbd47fc00a2c39e90264f33305004495a9","hash":"9c04e3ff1a7430b69d2bc5ba134d38220208da2f"}
,"C:\\Users\\Diego Batista\\Documents\\www\\Ignite curso\\React-native\\iweather\\src\\components\\WeatherItem\\index.tsx": {"path":"C:\\Users\\Diego Batista\\Documents\\www\\Ignite curso\\React-native\\iweather\\src\\components\\WeatherItem\\index.tsx","statementMap":{"0":{"start":{"line":14,"column":2},"end":{"line":26,"column":4}}},"fnMap":{"0":{"name":"WeatherItem","decl":{"start":{"line":13,"column":16},"end":{"line":13,"column":27}},"loc":{"start":{"line":13,"column":81},"end":{"line":27,"column":1}},"line":13}},"branchMap":{"0":{"loc":{"start":{"line":13,"column":56},"end":{"line":13,"column":70}},"type":"default-arg","locations":[{"start":{"line":13,"column":65},"end":{"line":13,"column":70}}],"line":13},"1":{"loc":{"start":{"line":15,"column":36},"end":{"line":15,"column":66}},"type":"binary-expr","locations":[{"start":{"line":15,"column":36},"end":{"line":15,"column":43}},{"start":{"line":15,"column":47},"end":{"line":15,"column":66}}],"line":15}},"s":{"0":1},"f":{"0":1},"b":{"0":[1],"1":[1,1]},"_coverageSchema":"1a1c01bbd47fc00a2c39e90264f33305004495a9","hash":"225c44d22e82c099ee0c9565e4c73615f0c312f8"}
,"C:\\Users\\Diego Batista\\Documents\\www\\Ignite curso\\React-native\\iweather\\src\\components\\WeatherItem\\styles.ts": {"path":"C:\\Users\\Diego Batista\\Documents\\www\\Ignite curso\\React-native\\iweather\\src\\components\\WeatherItem\\styles.ts","statementMap":{"0":{"start":{"line":4,"column":22},"end":{"line":27,"column":2}}},"fnMap":{},"branchMap":{},"s":{"0":2},"f":{},"b":{},"_coverageSchema":"1a1c01bbd47fc00a2c39e90264f33305004495a9","hash":"d36d4a21699e45223d3cf0934c7f81c6dc797542"}
,"C:\\Users\\Diego Batista\\Documents\\www\\Ignite curso\\React-native\\iweather\\src\\components\\WeatherToday\\index.tsx": {"path":"C:\\Users\\Diego Batista\\Documents\\www\\Ignite curso\\React-native\\iweather\\src\\components\\WeatherToday\\index.tsx","statementMap":{"0":{"start":{"line":23,"column":16},"end":{"line":23,"column":72}},"1":{"start":{"line":24,"column":16},"end":{"line":24,"column":27}},"2":{"start":{"line":26,"column":16},"end":{"line":26,"column":73}},"3":{"start":{"line":27,"column":15},"end":{"line":27,"column":78}},"4":{"start":{"line":29,"column":2},"end":{"line":59,"column":4}}},"fnMap":{"0":{"name":"WeatherToday","decl":{"start":{"line":22,"column":16},"end":{"line":22,"column":28}},"loc":{"start":{"line":22,"column":55},"end":{"line":60,"column":1}},"line":22}},"branchMap":{"0":{"loc":{"start":{"line":26,"column":16},"end":{"line":26,"column":73}},"type":"cond-expr","locations":[{"start":{"line":26,"column":24},"end":{"line":26,"column":46}},{"start":{"line":26,"column":49},"end":{"line":26,"column":73}}],"line":26},"1":{"loc":{"start":{"line":27,"column":15},"end":{"line":27,"column":78}},"type":"cond-expr","locations":[{"start":{"line":27,"column":23},"end":{"line":27,"column":48}},{"start":{"line":27,"column":51},"end":{"line":27,"column":78}}],"line":27}},"s":{"0":0,"1":0,"2":0,"3":0,"4":0},"f":{"0":0},"b":{"0":[0,0],"1":[0,0]},"_coverageSchema":"1a1c01bbd47fc00a2c39e90264f33305004495a9","hash":"762b435ebd4035fdacebbc53995ec0f10324687d"}
,"C:\\Users\\Diego Batista\\Documents\\www\\Ignite curso\\React-native\\iweather\\src\\components\\WeatherToday\\styles.ts": {"path":"C:\\Users\\Diego Batista\\Documents\\www\\Ignite curso\\React-native\\iweather\\src\\components\\WeatherToday\\styles.ts","statementMap":{"0":{"start":{"line":4,"column":22},"end":{"line":48,"column":2}}},"fnMap":{},"branchMap":{},"s":{"0":1},"f":{},"b":{},"_coverageSchema":"1a1c01bbd47fc00a2c39e90264f33305004495a9","hash":"c349758039e64c607e660d94745fd0fd69477c20"}
,"C:\\Users\\Diego Batista\\Documents\\www\\Ignite curso\\React-native\\iweather\\src\\contexts\\CityContext.tsx": {"path":"C:\\Users\\Diego Batista\\Documents\\www\\Ignite curso\\React-native\\iweather\\src\\contexts\\CityContext.tsx","statementMap":{"0":{"start":{"line":16,"column":27},"end":{"line":16,"column":90}},"1":{"start":{"line":19,"column":44},"end":{"line":19,"column":58}},"2":{"start":{"line":20,"column":26},"end":{"line":20,"column":58}},"3":{"start":{"line":23,"column":4},"end":{"line":23,"column":27}},"4":{"start":{"line":25,"column":4},"end":{"line":25,"column":40}},"5":{"start":{"line":26,"column":4},"end":{"line":26,"column":26}},"6":{"start":{"line":28,"column":4},"end":{"line":28,"column":28}},"7":{"start":{"line":31,"column":2},"end":{"line":37,"column":9}},"8":{"start":{"line":32,"column":4},"end":{"line":32,"column":27}},"9":{"start":{"line":34,"column":4},"end":{"line":36,"column":46}},"10":{"start":{"line":35,"column":22},"end":{"line":35,"column":35}},"11":{"start":{"line":36,"column":21},"end":{"line":36,"column":44}},"12":{"start":{"line":39,"column":2},"end":{"line":47,"column":3}}},"fnMap":{"0":{"name":"CityProvider","decl":{"start":{"line":18,"column":16},"end":{"line":18,"column":28}},"loc":{"start":{"line":18,"column":69},"end":{"line":48,"column":1}},"line":18},"1":{"name":"handleChanceCity","decl":{"start":{"line":22,"column":17},"end":{"line":22,"column":33}},"loc":{"start":{"line":22,"column":59},"end":{"line":29,"column":3}},"line":22},"2":{"name":"(anonymous_2)","decl":{"start":{"line":31,"column":12},"end":{"line":31,"column":13}},"loc":{"start":{"line":31,"column":18},"end":{"line":37,"column":3}},"line":31},"3":{"name":"(anonymous_3)","decl":{"start":{"line":35,"column":12},"end":{"line":35,"column":13}},"loc":{"start":{"line":35,"column":22},"end":{"line":35,"column":35}},"line":35},"4":{"name":"(anonymous_4)","decl":{"start":{"line":36,"column":15},"end":{"line":36,"column":16}},"loc":{"start":{"line":36,"column":21},"end":{"line":36,"column":44}},"line":36}},"branchMap":{},"s":{"0":2,"1":4,"2":4,"3":1,"4":1,"5":1,"6":1,"7":4,"8":1,"9":1,"10":1,"11":1,"12":4},"f":{"0":4,"1":1,"2":1,"3":1,"4":1},"b":{},"_coverageSchema":"1a1c01bbd47fc00a2c39e90264f33305004495a9","hash":"d32f25c05e3d434066fcb91e0812053ece925fbf"}
,"C:\\Users\\Diego Batista\\Documents\\www\\Ignite curso\\React-native\\iweather\\src\\hooks\\useCity.ts": {"path":"C:\\Users\\Diego Batista\\Documents\\www\\Ignite curso\\React-native\\iweather\\src\\hooks\\useCity.ts","statementMap":{"0":{"start":{"line":6,"column":18},"end":{"line":6,"column":41}},"1":{"start":{"line":8,"column":2},"end":{"line":8,"column":16}}},"fnMap":{"0":{"name":"useCity","decl":{"start":{"line":5,"column":16},"end":{"line":5,"column":23}},"loc":{"start":{"line":5,"column":26},"end":{"line":9,"column":1}},"line":5}},"branchMap":{},"s":{"0":3,"1":3},"f":{"0":3},"b":{},"_coverageSchema":"1a1c01bbd47fc00a2c39e90264f33305004495a9","hash":"80826c3613078727b9cde01229cb022f95b98f91"}
,"C:\\Users\\Diego Batista\\Documents\\www\\Ignite curso\\React-native\\iweather\\src\\libs\\asyncStorage\\cityStorage.ts": {"path":"C:\\Users\\Diego Batista\\Documents\\www\\Ignite curso\\React-native\\iweather\\src\\libs\\asyncStorage\\cityStorage.ts","statementMap":{"0":{"start":{"line":4,"column":20},"end":{"line":4,"column":36}},"1":{"start":{"line":7,"column":18},"end":{"line":7,"column":57}},"2":{"start":{"line":9,"column":19},"end":{"line":9,"column":68}},"3":{"start":{"line":11,"column":2},"end":{"line":11,"column":18}},"4":{"start":{"line":15,"column":2},"end":{"line":15,"column":64}},"5":{"start":{"line":19,"column":2},"end":{"line":19,"column":45}}},"fnMap":{"0":{"name":"getStorageCity","decl":{"start":{"line":6,"column":22},"end":{"line":6,"column":36}},"loc":{"start":{"line":6,"column":39},"end":{"line":12,"column":1}},"line":6},"1":{"name":"saveStorageCity","decl":{"start":{"line":14,"column":22},"end":{"line":14,"column":37}},"loc":{"start":{"line":14,"column":55},"end":{"line":16,"column":1}},"line":14},"2":{"name":"removeStorageCity","decl":{"start":{"line":18,"column":22},"end":{"line":18,"column":39}},"loc":{"start":{"line":18,"column":42},"end":{"line":20,"column":1}},"line":18}},"branchMap":{"0":{"loc":{"start":{"line":9,"column":19},"end":{"line":9,"column":68}},"type":"cond-expr","locations":[{"start":{"line":9,"column":29},"end":{"line":9,"column":61}},{"start":{"line":9,"column":64},"end":{"line":9,"column":68}}],"line":9}},"s":{"0":3,"1":4,"2":4,"3":4,"4":4,"5":1},"f":{"0":4,"1":4,"2":1},"b":{"0":[1,3]},"_coverageSchema":"1a1c01bbd47fc00a2c39e90264f33305004495a9","hash":"e8bd7952c4a9ab9585a2513d5afc5ca63702d74d"}
,"C:\\Users\\Diego Batista\\Documents\\www\\Ignite curso\\React-native\\iweather\\src\\routes\\app.routes.tsx": {"path":"C:\\Users\\Diego Batista\\Documents\\www\\Ignite curso\\React-native\\iweather\\src\\routes\\app.routes.tsx","statementMap":{"0":{"start":{"line":6,"column":30},"end":{"line":6,"column":58}},"1":{"start":{"line":9,"column":2},"end":{"line":21,"column":3}}},"fnMap":{"0":{"name":"AppRoutes","decl":{"start":{"line":8,"column":16},"end":{"line":8,"column":25}},"loc":{"start":{"line":8,"column":28},"end":{"line":22,"column":1}},"line":8}},"branchMap":{},"s":{"0":1,"1":0},"f":{"0":0},"b":{},"_coverageSchema":"1a1c01bbd47fc00a2c39e90264f33305004495a9","hash":"fb69ac55a072f970f25a47e5bf7d1100658e17c8"}
,"C:\\Users\\Diego Batista\\Documents\\www\\Ignite curso\\React-native\\iweather\\src\\routes\\index.tsx": {"path":"C:\\Users\\Diego Batista\\Documents\\www\\Ignite curso\\React-native\\iweather\\src\\routes\\index.tsx","statementMap":{"0":{"start":{"line":12,"column":19},"end":{"line":12,"column":28}},"1":{"start":{"line":13,"column":17},"end":{"line":13,"column":36}},"2":{"start":{"line":15,"column":2},"end":{"line":21,"column":4}}},"fnMap":{"0":{"name":"Routes","decl":{"start":{"line":11,"column":16},"end":{"line":11,"column":22}},"loc":{"start":{"line":11,"column":25},"end":{"line":22,"column":1}},"line":11}},"branchMap":{"0":{"loc":{"start":{"line":18,"column":9},"end":{"line":18,"column":45}},"type":"cond-expr","locations":[{"start":{"line":18,"column":16},"end":{"line":18,"column":29}},{"start":{"line":18,"column":32},"end":{"line":18,"column":45}}],"line":18}},"s":{"0":0,"1":0,"2":0},"f":{"0":0},"b":{"0":[0,0]},"_coverageSchema":"1a1c01bbd47fc00a2c39e90264f33305004495a9","hash":"2e6530ff459240628c9c7d3f9900b3650677b0ab"}
,"C:\\Users\\Diego Batista\\Documents\\www\\Ignite curso\\React-native\\iweather\\src\\screens\\Dashboard\\index.tsx": {"path":"C:\\Users\\Diego Batista\\Documents\\www\\Ignite curso\\React-native\\iweather\\src\\screens\\Dashboard\\index.tsx","statementMap":{"0":{"start":{"line":17,"column":30},"end":{"line":17,"column":42}},"1":{"start":{"line":18,"column":40},"end":{"line":18,"column":55}},"2":{"start":{"line":19,"column":30},"end":{"line":19,"column":55}},"3":{"start":{"line":20,"column":50},"end":{"line":20,"column":64}},"4":{"start":{"line":21,"column":32},"end":{"line":21,"column":90}},"5":{"start":{"line":23,"column":52},"end":{"line":23,"column":61}},"6":{"start":{"line":26,"column":4},"end":{"line":26,"column":28}},"7":{"start":{"line":27,"column":4},"end":{"line":27,"column":18}},"8":{"start":{"line":28,"column":4},"end":{"line":28,"column":18}},"9":{"start":{"line":32,"column":4},"end":{"line":34,"column":5}},"10":{"start":{"line":33,"column":6},"end":{"line":33,"column":13}},"11":{"start":{"line":36,"column":4},"end":{"line":36,"column":30}},"12":{"start":{"line":38,"column":36},"end":{"line":38,"column":40}},"13":{"start":{"line":39,"column":21},"end":{"line":39,"column":75}},"14":{"start":{"line":41,"column":4},"end":{"line":41,"column":25}},"15":{"start":{"line":42,"column":4},"end":{"line":42,"column":31}},"16":{"start":{"line":46,"column":4},"end":{"line":46,"column":25}},"17":{"start":{"line":48,"column":21},"end":{"line":48,"column":53}},"18":{"start":{"line":50,"column":4},"end":{"line":50,"column":24}},"19":{"start":{"line":51,"column":4},"end":{"line":51,"column":26}},"20":{"start":{"line":54,"column":2},"end":{"line":63,"column":15}},"21":{"start":{"line":55,"column":4},"end":{"line":57,"column":5}},"22":{"start":{"line":56,"column":6},"end":{"line":56,"column":13}},"23":{"start":{"line":59,"column":4},"end":{"line":59,"column":21}},"24":{"start":{"line":60,"column":21},"end":{"line":60,"column":61}},"25":{"start":{"line":60,"column":38},"end":{"line":60,"column":55}},"26":{"start":{"line":62,"column":4},"end":{"line":62,"column":41}},"27":{"start":{"line":62,"column":17},"end":{"line":62,"column":40}},"28":{"start":{"line":65,"column":2},"end":{"line":67,"column":13}},"29":{"start":{"line":66,"column":4},"end":{"line":66,"column":24}},"30":{"start":{"line":69,"column":2},"end":{"line":71,"column":3}},"31":{"start":{"line":70,"column":4},"end":{"line":70,"column":23}},"32":{"start":{"line":73,"column":2},"end":{"line":91,"column":4}}},"fnMap":{"0":{"name":"Dashboard","decl":{"start":{"line":16,"column":16},"end":{"line":16,"column":25}},"loc":{"start":{"line":16,"column":28},"end":{"line":92,"column":1}},"line":16},"1":{"name":"handleSelect","decl":{"start":{"line":25,"column":11},"end":{"line":25,"column":23}},"loc":{"start":{"line":25,"column":42},"end":{"line":29,"column":3}},"line":25},"2":{"name":"getWeatherDetails","decl":{"start":{"line":31,"column":17},"end":{"line":31,"column":34}},"loc":{"start":{"line":31,"column":37},"end":{"line":43,"column":3}},"line":31},"3":{"name":"getCities","decl":{"start":{"line":45,"column":17},"end":{"line":45,"column":26}},"loc":{"start":{"line":45,"column":41},"end":{"line":52,"column":3}},"line":45},"4":{"name":"(anonymous_4)","decl":{"start":{"line":54,"column":12},"end":{"line":54,"column":13}},"loc":{"start":{"line":54,"column":18},"end":{"line":63,"column":3}},"line":54},"5":{"name":"(anonymous_5)","decl":{"start":{"line":60,"column":32},"end":{"line":60,"column":33}},"loc":{"start":{"line":60,"column":38},"end":{"line":60,"column":55}},"line":60},"6":{"name":"(anonymous_6)","decl":{"start":{"line":62,"column":11},"end":{"line":62,"column":12}},"loc":{"start":{"line":62,"column":17},"end":{"line":62,"column":40}},"line":62},"7":{"name":"(anonymous_7)","decl":{"start":{"line":65,"column":12},"end":{"line":65,"column":13}},"loc":{"start":{"line":65,"column":18},"end":{"line":67,"column":3}},"line":65}},"branchMap":{"0":{"loc":{"start":{"line":32,"column":4},"end":{"line":34,"column":5}},"type":"if","locations":[{"start":{"line":32,"column":4},"end":{"line":34,"column":5}},{"start":{},"end":{}}],"line":32},"1":{"loc":{"start":{"line":55,"column":4},"end":{"line":57,"column":5}},"type":"if","locations":[{"start":{"line":55,"column":4},"end":{"line":57,"column":5}},{"start":{},"end":{}}],"line":55},"2":{"loc":{"start":{"line":69,"column":2},"end":{"line":71,"column":3}},"type":"if","locations":[{"start":{"line":69,"column":2},"end":{"line":71,"column":3}},{"start":{},"end":{}}],"line":69},"3":{"loc":{"start":{"line":69,"column":6},"end":{"line":69,"column":48}},"type":"binary-expr","locations":[{"start":{"line":69,"column":6},"end":{"line":69,"column":22}},{"start":{"line":69,"column":26},"end":{"line":69,"column":39}},{"start":{"line":69,"column":43},"end":{"line":69,"column":48}}],"line":69}},"s":{"0":0,"1":0,"2":0,"3":0,"4":0,"5":0,"6":0,"7":0,"8":0,"9":0,"10":0,"11":0,"12":0,"13":0,"14":0,"15":0,"16":0,"17":0,"18":0,"19":0,"20":0,"21":0,"22":0,"23":0,"24":0,"25":0,"26":0,"27":0,"28":0,"29":0,"30":0,"31":0,"32":0},"f":{"0":0,"1":0,"2":0,"3":0,"4":0,"5":0,"6":0,"7":0},"b":{"0":[0,0],"1":[0,0],"2":[0,0],"3":[0,0,0]},"_coverageSchema":"1a1c01bbd47fc00a2c39e90264f33305004495a9","hash":"759a0ec0571d4f1f04125fa4ce31436ebd750ad6"}
,"C:\\Users\\Diego Batista\\Documents\\www\\Ignite curso\\React-native\\iweather\\src\\screens\\Dashboard\\styles.ts": {"path":"C:\\Users\\Diego Batista\\Documents\\www\\Ignite curso\\React-native\\iweather\\src\\screens\\Dashboard\\styles.ts","statementMap":{"0":{"start":{"line":4,"column":22},"end":{"line":16,"column":2}}},"fnMap":{},"branchMap":{},"s":{"0":1},"f":{},"b":{},"_coverageSchema":"1a1c01bbd47fc00a2c39e90264f33305004495a9","hash":"e6a801674bc6ba4c166342895bf92f74d73f2320"}
,"C:\\Users\\Diego Batista\\Documents\\www\\Ignite curso\\React-native\\iweather\\src\\screens\\Search\\index.tsx": {"path":"C:\\Users\\Diego Batista\\Documents\\www\\Ignite curso\\React-native\\iweather\\src\\screens\\Search\\index.tsx","statementMap":{"0":{"start":{"line":14,"column":30},"end":{"line":14,"column":42}},"1":{"start":{"line":15,"column":36},"end":{"line":15,"column":51}},"2":{"start":{"line":16,"column":30},"end":{"line":16,"column":55}},"3":{"start":{"line":18,"column":31},"end":{"line":18,"column":40}},"4":{"start":{"line":21,"column":4},"end":{"line":21,"column":23}},"5":{"start":{"line":23,"column":21},"end":{"line":23,"column":53}},"6":{"start":{"line":25,"column":4},"end":{"line":25,"column":24}},"7":{"start":{"line":26,"column":4},"end":{"line":26,"column":24}},"8":{"start":{"line":29,"column":2},"end":{"line":37,"column":15}},"9":{"start":{"line":30,"column":4},"end":{"line":32,"column":5}},"10":{"start":{"line":31,"column":6},"end":{"line":31,"column":13}},"11":{"start":{"line":34,"column":21},"end":{"line":34,"column":61}},"12":{"start":{"line":34,"column":38},"end":{"line":34,"column":55}},"13":{"start":{"line":36,"column":4},"end":{"line":36,"column":41}},"14":{"start":{"line":36,"column":17},"end":{"line":36,"column":40}},"15":{"start":{"line":39,"column":2},"end":{"line":63,"column":4}}},"fnMap":{"0":{"name":"Search","decl":{"start":{"line":13,"column":16},"end":{"line":13,"column":22}},"loc":{"start":{"line":13,"column":25},"end":{"line":64,"column":1}},"line":13},"1":{"name":"getCities","decl":{"start":{"line":20,"column":17},"end":{"line":20,"column":26}},"loc":{"start":{"line":20,"column":41},"end":{"line":27,"column":3}},"line":20},"2":{"name":"(anonymous_2)","decl":{"start":{"line":29,"column":12},"end":{"line":29,"column":13}},"loc":{"start":{"line":29,"column":18},"end":{"line":37,"column":3}},"line":29},"3":{"name":"(anonymous_3)","decl":{"start":{"line":34,"column":32},"end":{"line":34,"column":33}},"loc":{"start":{"line":34,"column":38},"end":{"line":34,"column":55}},"line":34},"4":{"name":"(anonymous_4)","decl":{"start":{"line":36,"column":11},"end":{"line":36,"column":12}},"loc":{"start":{"line":36,"column":17},"end":{"line":36,"column":40}},"line":36}},"branchMap":{"0":{"loc":{"start":{"line":30,"column":4},"end":{"line":32,"column":5}},"type":"if","locations":[{"start":{"line":30,"column":4},"end":{"line":32,"column":5}},{"start":{},"end":{}}],"line":30}},"s":{"0":0,"1":0,"2":0,"3":0,"4":0,"5":0,"6":0,"7":0,"8":0,"9":0,"10":0,"11":0,"12":0,"13":0,"14":0,"15":0},"f":{"0":0,"1":0,"2":0,"3":0,"4":0},"b":{"0":[0,0]},"_coverageSchema":"1a1c01bbd47fc00a2c39e90264f33305004495a9","hash":"a1ab26ebaf998bbd9b62bc4d60e1c8dea07d601f"}
,"C:\\Users\\Diego Batista\\Documents\\www\\Ignite curso\\React-native\\iweather\\src\\screens\\Search\\styles.ts": {"path":"C:\\Users\\Diego Batista\\Documents\\www\\Ignite curso\\React-native\\iweather\\src\\screens\\Search\\styles.ts","statementMap":{"0":{"start":{"line":4,"column":19},"end":{"line":4,"column":43}},"1":{"start":{"line":6,"column":22},"end":{"line":40,"column":2}}},"fnMap":{},"branchMap":{},"s":{"0":1,"1":1},"f":{},"b":{},"_coverageSchema":"1a1c01bbd47fc00a2c39e90264f33305004495a9","hash":"c5ea6636ee6e1bcee08482e6ad1a5351de620a90"}
,"C:\\Users\\Diego Batista\\Documents\\www\\Ignite curso\\React-native\\iweather\\src\\services\\api.ts": {"path":"C:\\Users\\Diego Batista\\Documents\\www\\Ignite curso\\React-native\\iweather\\src\\services\\api.ts","statementMap":{"0":{"start":{"line":3,"column":19},"end":{"line":10,"column":2}}},"fnMap":{},"branchMap":{},"s":{"0":3},"f":{},"b":{},"_coverageSchema":"1a1c01bbd47fc00a2c39e90264f33305004495a9","hash":"bb10d134573b33bc8228ae6334ba2d465b203739"}
,"C:\\Users\\Diego Batista\\Documents\\www\\Ignite curso\\React-native\\iweather\\src\\services\\getCityByNameService.ts": {"path":"C:\\Users\\Diego Batista\\Documents\\www\\Ignite curso\\React-native\\iweather\\src\\services\\getCityByNameService.ts","statementMap":{"0":{"start":{"line":23,"column":2},"end":{"line":36,"column":3}},"1":{"start":{"line":24,"column":21},"end":{"line":24,"column":73}},"2":{"start":{"line":26,"column":17},"end":{"line":31,"column":5}},"3":{"start":{"line":33,"column":4},"end":{"line":33,"column":18}},"4":{"start":{"line":35,"column":4},"end":{"line":35,"column":14}}},"fnMap":{"0":{"name":"getCityByNameService","decl":{"start":{"line":22,"column":22},"end":{"line":22,"column":42}},"loc":{"start":{"line":22,"column":84},"end":{"line":37,"column":1}},"line":22}},"branchMap":{"0":{"loc":{"start":{"line":28,"column":12},"end":{"line":28,"column":78}},"type":"cond-expr","locations":[{"start":{"line":28,"column":31},"end":{"line":28,"column":66}},{"start":{"line":28,"column":69},"end":{"line":28,"column":78}}],"line":28}},"s":{"0":1,"1":1,"2":1,"3":1,"4":0},"f":{"0":1},"b":{"0":[1,0]},"_coverageSchema":"1a1c01bbd47fc00a2c39e90264f33305004495a9","hash":"f3d080d34d5b9bded05e9e9582218234850aebf3"}
,"C:\\Users\\Diego Batista\\Documents\\www\\Ignite curso\\React-native\\iweather\\src\\services\\getWeatherByCityService.ts": {"path":"C:\\Users\\Diego Batista\\Documents\\www\\Ignite curso\\React-native\\iweather\\src\\services\\getWeatherByCityService.ts","statementMap":{"0":{"start":{"line":46,"column":19},"end":{"line":46,"column":103}},"1":{"start":{"line":47,"column":39},"end":{"line":47,"column":51}},"2":{"start":{"line":49,"column":16},"end":{"line":64,"column":3}},"3":{"start":{"line":66,"column":15},"end":{"line":66,"column":28}},"4":{"start":{"line":67,"column":30},"end":{"line":67,"column":32}},"5":{"start":{"line":68,"column":31},"end":{"line":68,"column":33}},"6":{"start":{"line":70,"column":2},"end":{"line":88,"column":5}},"7":{"start":{"line":71,"column":16},"end":{"line":71,"column":60}},"8":{"start":{"line":73,"column":4},"end":{"line":87,"column":5}},"9":{"start":{"line":74,"column":6},"end":{"line":74,"column":26}},"10":{"start":{"line":76,"column":44},"end":{"line":76,"column":64}},"11":{"start":{"line":78,"column":22},"end":{"line":78,"column":42}},"12":{"start":{"line":80,"column":6},"end":{"line":86,"column":9}},"13":{"start":{"line":90,"column":2},"end":{"line":90,"column":28}}},"fnMap":{"0":{"name":"getWeatherByCityService","decl":{"start":{"line":45,"column":22},"end":{"line":45,"column":45}},"loc":{"start":{"line":45,"column":126},"end":{"line":91,"column":1}},"line":45},"1":{"name":"(anonymous_1)","decl":{"start":{"line":70,"column":20},"end":{"line":70,"column":21}},"loc":{"start":{"line":70,"column":35},"end":{"line":88,"column":3}},"line":70}},"branchMap":{"0":{"loc":{"start":{"line":73,"column":4},"end":{"line":87,"column":5}},"type":"if","locations":[{"start":{"line":73,"column":4},"end":{"line":87,"column":5}},{"start":{},"end":{}}],"line":73},"1":{"loc":{"start":{"line":73,"column":8},"end":{"line":73,"column":54}},"type":"binary-expr","locations":[{"start":{"line":73,"column":8},"end":{"line":73,"column":26}},{"start":{"line":73,"column":30},"end":{"line":73,"column":54}}],"line":73}},"s":{"0":1,"1":1,"2":1,"3":1,"4":1,"5":1,"6":1,"7":2,"8":2,"9":1,"10":1,"11":1,"12":1,"13":1},"f":{"0":1,"1":2},"b":{"0":[1,1],"1":[2,2]},"_coverageSchema":"1a1c01bbd47fc00a2c39e90264f33305004495a9","hash":"0ed49d9bbe12f9e1b070c0153789137b5f855768"}
,"C:\\Users\\Diego Batista\\Documents\\www\\Ignite curso\\React-native\\iweather\\src\\styles\\theme.ts": {"path":"C:\\Users\\Diego Batista\\Documents\\www\\Ignite curso\\React-native\\iweather\\src\\styles\\theme.ts","statementMap":{"0":{"start":{"line":1,"column":21},"end":{"line":23,"column":1}}},"fnMap":{},"branchMap":{},"s":{"0":6},"f":{},"b":{},"_coverageSchema":"1a1c01bbd47fc00a2c39e90264f33305004495a9","hash":"56ca575f92b3cb2999242dda8d44cdcf6a5c1f0a"}
,"C:\\Users\\Diego Batista\\Documents\\www\\Ignite curso\\React-native\\iweather\\src\\utils\\getNextDays.ts": {"path":"C:\\Users\\Diego Batista\\Documents\\www\\Ignite curso\\React-native\\iweather\\src\\utils\\getNextDays.ts","statementMap":{"0":{"start":{"line":4,"column":15},"end":{"line":4,"column":17}},"1":{"start":{"line":5,"column":16},"end":{"line":5,"column":26}},"2":{"start":{"line":7,"column":2},"end":{"line":13,"column":3}},"3":{"start":{"line":7,"column":15},"end":{"line":7,"column":16}},"4":{"start":{"line":8,"column":17},"end":{"line":8,"column":27}},"5":{"start":{"line":10,"column":4},"end":{"line":10,"column":44}},"6":{"start":{"line":12,"column":4},"end":{"line":12,"column":43}},"7":{"start":{"line":15,"column":2},"end":{"line":15,"column":14}}},"fnMap":{"0":{"name":"getNextDays","decl":{"start":{"line":3,"column":16},"end":{"line":3,"column":27}},"loc":{"start":{"line":3,"column":30},"end":{"line":16,"column":1}},"line":3}},"branchMap":{},"s":{"0":2,"1":2,"2":2,"3":2,"4":10,"5":10,"6":10,"7":2},"f":{"0":2},"b":{},"_coverageSchema":"1a1c01bbd47fc00a2c39e90264f33305004495a9","hash":"197a7b3315c09f4079272d638c055abcb5868b27"}
,"C:\\Users\\Diego Batista\\Documents\\www\\Ignite curso\\React-native\\iweather\\src\\utils\\isDayTime.ts": {"path":"C:\\Users\\Diego Batista\\Documents\\www\\Ignite curso\\React-native\\iweather\\src\\utils\\isDayTime.ts","statementMap":{"0":{"start":{"line":2,"column":16},"end":{"line":2,"column":37}},"1":{"start":{"line":3,"column":2},"end":{"line":3,"column":33}}},"fnMap":{"0":{"name":"isDayTime","decl":{"start":{"line":1,"column":16},"end":{"line":1,"column":25}},"loc":{"start":{"line":1,"column":28},"end":{"line":4,"column":1}},"line":1}},"branchMap":{"0":{"loc":{"start":{"line":3,"column":9},"end":{"line":3,"column":32}},"type":"binary-expr","locations":[{"start":{"line":3,"column":9},"end":{"line":3,"column":18}},{"start":{"line":3,"column":22},"end":{"line":3,"column":32}}],"line":3}},"s":{"0":0,"1":0},"f":{"0":0},"b":{"0":[0,0]},"_coverageSchema":"1a1c01bbd47fc00a2c39e90264f33305004495a9","hash":"28406e7a69b78a71d8605074602cdcea03b5872a"}
,"C:\\Users\\Diego Batista\\Documents\\www\\Ignite curso\\React-native\\iweather\\src\\utils\\weatherIcons.ts": {"path":"C:\\Users\\Diego Batista\\Documents\\www\\Ignite curso\\React-native\\iweather\\src\\utils\\weatherIcons.ts","statementMap":{"0":{"start":{"line":20,"column":28},"end":{"line":49,"column":1}}},"fnMap":{},"branchMap":{},"s":{"0":2},"f":{},"b":{},"_coverageSchema":"1a1c01bbd47fc00a2c39e90264f33305004495a9","hash":"a93045770cc46100bfc4275d8466eede24069bf5"}
}
